<?xml version="1.0" encoding="UTF-8"?>
<testng-results skipped="0" failed="0" ignored="1" total="4" passed="3">
  <reporter-output>
  </reporter-output>
  <suite name="Suite" duration-ms="83936" started-at="2019-06-11T07:25:48Z" finished-at="2019-06-11T07:27:11Z">
    <groups>
    </groups>
    <test name="Test" duration-ms="83936" started-at="2019-06-11T07:25:48Z" finished-at="2019-06-11T07:27:11Z">
      <class name="com.testcases.Login_test">
        <test-method status="PASS" signature="verify_login()[pri:0, instance:com.testcases.Login_test@5034c75a]" name="verify_login" duration-ms="37233" started-at="2019-06-11T07:25:48Z" finished-at="2019-06-11T07:26:25Z">
          <reporter-output>
          </reporter-output>
        </test-method> <!-- verify_login -->
      </class> <!-- com.testcases.Login_test -->
      <class name="com.testcases.EM_search_test">
        <test-method status="PASS" signature="verify_employee_search()[pri:0, instance:com.testcases.EM_search_test@7f9a81e8]" name="verify_employee_search" duration-ms="32182" started-at="2019-06-11T07:26:25Z" finished-at="2019-06-11T07:26:57Z">
          <reporter-output>
          </reporter-output>
        </test-method> <!-- verify_employee_search -->
      </class> <!-- com.testcases.EM_search_test -->
      <class name="com.testcases.EM_status_test">
        <test-method status="PASS" signature="status_verify()[pri:0, instance:com.testcases.EM_status_test@9629756]" name="status_verify" duration-ms="14483" started-at="2019-06-11T07:26:57Z" finished-at="2019-06-11T07:27:11Z">
          <reporter-output>
          </reporter-output>
        </test-method> <!-- status_verify -->
      </class> <!-- com.testcases.EM_status_test -->
    </test> <!-- Test -->
  </suite> <!-- Suite -->
</testng-results>
